        -:    0:Source:cpp.cpp
        -:    0:Graph:cpp.gcno
        -:    0:Data:cpp.gcda
        -:    0:Runs:1
        -:    0:Programs:1
        -:    1:
        -:    2:#include<stdio.h>
        -:    3:
        -:    4:void new_func1(void);
        -:    5:
function _Z5func1v called 1 returned 100% blocks executed 100%
        1:    6:void func1(void)
        -:    7:{
        1:    8:    printf("\n Inside func1 \n");
call    0 returned 100%
        1:    9:    int i = 0;
        -:   10:
4294967296:   11:    for(;i<0xffffffff;i++);
branch  0 taken 99% (fallthrough)
branch  1 taken 1%
        1:   12:    new_func1();
call    0 returned 100%
        -:   13:
        1:   14:    return;
        -:   15:}
        -:   16:
function _ZL5func2v called 1 returned 100% blocks executed 100%
        1:   17:static void func2(void)
        -:   18:{
        1:   19:    printf("\n Inside func2 \n");
call    0 returned 100%
        1:   20:    int i = 0;
        -:   21:
4294967211:   22:    for(;i<0xffffffaa;i++);
branch  0 taken 99% (fallthrough)
branch  1 taken 1%
        1:   23:    return;
        -:   24:}
function _Z9new_func1v called 1 returned 100% blocks executed 100%
        1:   25:void new_func1(void)
        -:   26:{
        1:   27:    printf("\n Inside new_func1()\n");
call    0 returned 100%
        1:   28:    int i = 0;
        -:   29:
4294967279:   30:    for(;i<0xffffffee;i++);
branch  0 taken 99% (fallthrough)
branch  1 taken 1%
        -:   31:
        1:   32:    return;
        -:   33:}
function main called 1 returned 100% blocks executed 100%
        1:   34:int main(void)
        -:   35:{
        1:   36:    printf("\n Inside main()\n");
call    0 returned 100%
        1:   37:    int i = 0;
        -:   38:
 16777216:   39:    for(;i<0xffffff;i++);
branch  0 taken 99% (fallthrough)
branch  1 taken 1%
        1:   40:    func1();
call    0 returned 100%
        1:   41:    func2();
call    0 returned 100%
        -:   42:
        1:   43:    return 0;
        -:   44:}
